2026-04-08 13:45: 没有回测进程在运行!
日志文件不存在或为空: backtest_rsi_ema14
2026-04-08 13:50: 有1个回测进程仍在运行...
2026-04-08 13:55: 有1个回测进程仍在运行...
2026-04-08 14:00: 有1个回测进程仍在运行...
2026-04-08 14:05: 有1个回测进程仍在运行...
2026-04-08 14:10: 有1个回测进程仍在运行...
2026-04-08 14:15: 有1个回测进程仍在运行...
2026-04-08 14:20: 有1个回测进程仍在运行...
2026-04-08 14:25: 有1个回测进程仍在运行...
2026-04-08 14:30: 有1个回测进程仍在运行...
2026-04-08 14:35: 有1个回测进程仍在运行...
2026-04-08 14:40: 没有回测进程在运行!
{"StatusCode":0,"StatusMessage":"success","code":0,"data":{},"msg":"success"}飞书通知已发送
2026-04-08 14:45: 有1个回测进程仍在运行...
2026-04-08 14:50: 有1个回测进程仍在运行...
2026-04-08 14:55: 有1个回测进程仍在运行...
2026-04-08 15:00: 有1个回测进程仍在运行...
2026-04-08 15:05: 有1个回测进程仍在运行...
2026-04-08 15:10: 有1个回测进程仍在运行...
2026-04-08 15:15: 没有回测进程在运行!
{"StatusCode":0,"StatusMessage":"success","code":0,"data":{},"msg":"success"}飞书通知已发送
2026-04-08 15:20: 已发送过通知，跳过
2026-04-08 15:25: 已发送过通知，跳过
2026-04-08 15:30: 已发送过通知，跳过
2026-04-08 15:35: 已发送过通知，跳过
2026-04-08 15:40: 已发送过通知，跳过
2026-04-08 15:45: 已发送过通知，跳过
2026-04-08 15:50: 已发送过通知，跳过
2026-04-08 15:55: 已发送过通知，跳过
2026-04-08 16:00: 已发送过通知，跳过
2026-04-08 16:05: 已发送过通知，跳过
2026-04-08 16:10: 有1个回测进程仍在运行...
2026-04-08 16:15: 有1个回测进程仍在运行...
2026-04-08 16:20: 有1个回测进程仍在运行...
2026-04-08 16:25: 有1个回测进程仍在运行...
2026-04-08 16:30: 有1个回测进程仍在运行...
2026-04-08 16:35: 没有回测进程在运行!
{"StatusCode":0,"StatusMessage":"success","code":0,"data":{},"msg":"success"}飞书通知已发送
2026-04-08 16:40: 已发送过通知，跳过
2026-04-08 16:45: 已发送过通知，跳过
2026-04-08 16:50: 已发送过通知，跳过
2026-04-08 16:55: 已发送过通知，跳过
2026-04-08 17:00: 已发送过通知，跳过
2026-04-08 17:05: 已发送过通知，跳过
2026-04-08 17:10: 已发送过通知，跳过
2026-04-08 17:15: 已发送过通知，跳过
2026-04-08 17:20: 已发送过通知，跳过
2026-04-08 17:25: 已发送过通知，跳过
2026-04-08 17:30: 已发送过通知，跳过
2026-04-08 17:35: 已发送过通知，跳过
2026-04-08 17:40: 已发送过通知，跳过
2026-04-08 17:45: 已发送过通知，跳过
2026-04-08 17:50: 已发送过通知，跳过
2026-04-08 17:55: 已发送过通知，跳过
2026-04-08 18:00: 已发送过通知，跳过
2026-04-08 18:05: 已发送过通知，跳过
2026-04-08 18:10: 已发送过通知，跳过
2026-04-08 18:15: 有1个回测进程仍在运行...
2026-04-08 18:20: 有1个回测进程仍在运行...
2026-04-08 18:25: 有1个回测进程仍在运行...
2026-04-08 18:30: 有1个回测进程仍在运行...
2026-04-08 18:35: 有1个回测进程仍在运行...
2026-04-08 18:40: 没有回测进程在运行!
{"StatusCode":0,"StatusMessage":"success","code":0,"data":{},"msg":"success"}飞书通知已发送
2026-04-08 18:45: 有1个回测进程仍在运行...
